{"C:\\Users\\sixso\\OneDrive\\Documents\\GitHub\\MyWeeWoo\\Weewooo\\server\\server.js": {"path":"C:\\Users\\sixso\\OneDrive\\Documents\\GitHub\\MyWeeWoo\\Weewooo\\server\\server.js","statementMap":{"0":{"start":{"line":1,"column":14},"end":{"line":1,"column":39}},"1":{"start":{"line":2,"column":16},"end":{"line":2,"column":34}},"2":{"start":{"line":3,"column":13},"end":{"line":3,"column":28}},"3":{"start":{"line":4,"column":11},"end":{"line":4,"column":33}},"4":{"start":{"line":5,"column":13},"end":{"line":5,"column":28}},"5":{"start":{"line":6,"column":13},"end":{"line":6,"column":33}},"6":{"start":{"line":7,"column":14},"end":{"line":7,"column":30}},"7":{"start":{"line":10,"column":19},"end":{"line":10,"column":38}},"8":{"start":{"line":11,"column":16},"end":{"line":11,"column":34}},"9":{"start":{"line":12,"column":20},"end":{"line":12,"column":37}},"10":{"start":{"line":14,"column":12},"end":{"line":14,"column":21}},"11":{"start":{"line":15,"column":0},"end":{"line":15,"column":16}},"12":{"start":{"line":16,"column":0},"end":{"line":16,"column":24}},"13":{"start":{"line":18,"column":13},"end":{"line":18,"column":17}},"14":{"start":{"line":21,"column":13},"end":{"line":26,"column":2}},"15":{"start":{"line":29,"column":30},"end":{"line":33,"column":1}},"16":{"start":{"line":30,"column":4},"end":{"line":30,"column":27}},"17":{"start":{"line":30,"column":15},"end":{"line":30,"column":27}},"18":{"start":{"line":32,"column":4},"end":{"line":32,"column":74}},"19":{"start":{"line":36,"column":27},"end":{"line":60,"column":1}},"20":{"start":{"line":37,"column":17},"end":{"line":37,"column":27}},"21":{"start":{"line":38,"column":4},"end":{"line":42,"column":5}},"22":{"start":{"line":39,"column":8},"end":{"line":39,"column":32}},"23":{"start":{"line":40,"column":11},"end":{"line":42,"column":5}},"24":{"start":{"line":41,"column":8},"end":{"line":41,"column":29}},"25":{"start":{"line":45,"column":23},"end":{"line":45,"column":62}},"26":{"start":{"line":47,"column":24},"end":{"line":47,"column":106}},"27":{"start":{"line":49,"column":4},"end":{"line":59,"column":6}},"28":{"start":{"line":64,"column":23},"end":{"line":76,"column":1}},"29":{"start":{"line":65,"column":18},"end":{"line":65,"column":117}},"30":{"start":{"line":67,"column":19},"end":{"line":67,"column":42}},"31":{"start":{"line":70,"column":17},"end":{"line":73,"column":7}},"32":{"start":{"line":70,"column":35},"end":{"line":73,"column":5}},"33":{"start":{"line":75,"column":4},"end":{"line":75,"column":16}},"34":{"start":{"line":83,"column":0},"end":{"line":108,"column":3}},"35":{"start":{"line":84,"column":4},"end":{"line":107,"column":5}},"36":{"start":{"line":85,"column":23},"end":{"line":85,"column":71}},"37":{"start":{"line":86,"column":22},"end":{"line":86,"column":50}},"38":{"start":{"line":89,"column":30},"end":{"line":89,"column":96}},"39":{"start":{"line":91,"column":24},"end":{"line":98,"column":110}},"40":{"start":{"line":92,"column":12},"end":{"line":96,"column":13}},"41":{"start":{"line":93,"column":16},"end":{"line":93,"column":49}},"42":{"start":{"line":95,"column":16},"end":{"line":95,"column":50}},"43":{"start":{"line":97,"column":12},"end":{"line":97,"column":23}},"44":{"start":{"line":98,"column":75},"end":{"line":98,"column":99}},"45":{"start":{"line":100,"column":8},"end":{"line":103,"column":11}},"46":{"start":{"line":105,"column":8},"end":{"line":105,"column":58}},"47":{"start":{"line":106,"column":8},"end":{"line":106,"column":77}},"48":{"start":{"line":114,"column":0},"end":{"line":206,"column":3}},"49":{"start":{"line":115,"column":122},"end":{"line":115,"column":130}},"50":{"start":{"line":117,"column":23},"end":{"line":117,"column":49}},"51":{"start":{"line":119,"column":4},"end":{"line":205,"column":5}},"52":{"start":{"line":120,"column":8},"end":{"line":120,"column":44}},"53":{"start":{"line":123,"column":24},"end":{"line":123,"column":133}},"54":{"start":{"line":124,"column":8},"end":{"line":124,"column":80}},"55":{"start":{"line":124,"column":32},"end":{"line":124,"column":80}},"56":{"start":{"line":125,"column":21},"end":{"line":125,"column":29}},"57":{"start":{"line":128,"column":30},"end":{"line":128,"column":43}},"58":{"start":{"line":129,"column":39},"end":{"line":129,"column":73}},"59":{"start":{"line":131,"column":8},"end":{"line":135,"column":9}},"60":{"start":{"line":132,"column":12},"end":{"line":132,"column":40}},"61":{"start":{"line":133,"column":15},"end":{"line":135,"column":9}},"62":{"start":{"line":134,"column":12},"end":{"line":134,"column":40}},"63":{"start":{"line":137,"column":8},"end":{"line":137,"column":55}},"64":{"start":{"line":140,"column":8},"end":{"line":140,"column":136}},"65":{"start":{"line":143,"column":29},"end":{"line":147,"column":9}},"66":{"start":{"line":148,"column":8},"end":{"line":150,"column":11}},"67":{"start":{"line":153,"column":30},"end":{"line":153,"column":158}},"68":{"start":{"line":154,"column":28},"end":{"line":154,"column":42}},"69":{"start":{"line":155,"column":23},"end":{"line":155,"column":47}},"70":{"start":{"line":156,"column":40},"end":{"line":156,"column":74}},"71":{"start":{"line":158,"column":8},"end":{"line":194,"column":9}},"72":{"start":{"line":159,"column":37},"end":{"line":163,"column":13}},"73":{"start":{"line":164,"column":12},"end":{"line":171,"column":15}},"74":{"start":{"line":173,"column":12},"end":{"line":173,"column":79}},"75":{"start":{"line":196,"column":8},"end":{"line":196,"column":34}},"76":{"start":{"line":197,"column":8},"end":{"line":197,"column":112}},"77":{"start":{"line":200,"column":8},"end":{"line":200,"column":36}},"78":{"start":{"line":201,"column":8},"end":{"line":201,"column":52}},"79":{"start":{"line":202,"column":8},"end":{"line":202,"column":85}},"80":{"start":{"line":204,"column":8},"end":{"line":204,"column":29}},"81":{"start":{"line":212,"column":0},"end":{"line":236,"column":3}},"82":{"start":{"line":213,"column":4},"end":{"line":235,"column":5}},"83":{"start":{"line":214,"column":22},"end":{"line":220,"column":9}},"84":{"start":{"line":221,"column":23},"end":{"line":221,"column":46}},"85":{"start":{"line":223,"column":24},"end":{"line":229,"column":11}},"86":{"start":{"line":223,"column":41},"end":{"line":229,"column":9}},"87":{"start":{"line":231,"column":8},"end":{"line":231,"column":26}},"88":{"start":{"line":233,"column":8},"end":{"line":233,"column":56}},"89":{"start":{"line":234,"column":8},"end":{"line":234,"column":75}},"90":{"start":{"line":242,"column":0},"end":{"line":263,"column":3}},"91":{"start":{"line":243,"column":4},"end":{"line":262,"column":5}},"92":{"start":{"line":244,"column":22},"end":{"line":249,"column":9}},"93":{"start":{"line":250,"column":23},"end":{"line":250,"column":46}},"94":{"start":{"line":252,"column":30},"end":{"line":256,"column":11}},"95":{"start":{"line":252,"column":47},"end":{"line":256,"column":9}},"96":{"start":{"line":258,"column":8},"end":{"line":258,"column":32}},"97":{"start":{"line":260,"column":8},"end":{"line":260,"column":62}},"98":{"start":{"line":261,"column":8},"end":{"line":261,"column":76}},"99":{"start":{"line":269,"column":0},"end":{"line":278,"column":3}},"100":{"start":{"line":270,"column":19},"end":{"line":270,"column":29}},"101":{"start":{"line":271,"column":4},"end":{"line":277,"column":5}},"102":{"start":{"line":272,"column":8},"end":{"line":272,"column":90}},"103":{"start":{"line":273,"column":8},"end":{"line":273,"column":80}},"104":{"start":{"line":275,"column":8},"end":{"line":275,"column":68}},"105":{"start":{"line":276,"column":8},"end":{"line":276,"column":83}},"106":{"start":{"line":288,"column":0},"end":{"line":320,"column":3}},"107":{"start":{"line":289,"column":2},"end":{"line":319,"column":3}},"108":{"start":{"line":290,"column":26},"end":{"line":290,"column":48}},"109":{"start":{"line":292,"column":19},"end":{"line":292,"column":105}},"110":{"start":{"line":293,"column":27},"end":{"line":293,"column":49}},"111":{"start":{"line":294,"column":16},"end":{"line":294,"column":51}},"112":{"start":{"line":297,"column":17},"end":{"line":297,"column":43}},"113":{"start":{"line":300,"column":4},"end":{"line":303,"column":6}},"114":{"start":{"line":305,"column":4},"end":{"line":305,"column":43}},"115":{"start":{"line":306,"column":4},"end":{"line":306,"column":36}},"116":{"start":{"line":307,"column":4},"end":{"line":307,"column":18}},"117":{"start":{"line":310,"column":4},"end":{"line":310,"column":46}},"118":{"start":{"line":312,"column":17},"end":{"line":312,"column":43}},"119":{"start":{"line":314,"column":4},"end":{"line":317,"column":6}},"120":{"start":{"line":318,"column":4},"end":{"line":318,"column":54}},"121":{"start":{"line":326,"column":0},"end":{"line":369,"column":3}},"122":{"start":{"line":327,"column":2},"end":{"line":368,"column":3}},"123":{"start":{"line":328,"column":26},"end":{"line":328,"column":48}},"124":{"start":{"line":330,"column":21},"end":{"line":330,"column":43}},"125":{"start":{"line":331,"column":22},"end":{"line":331,"column":56}},"126":{"start":{"line":333,"column":4},"end":{"line":341,"column":6}},"127":{"start":{"line":342,"column":4},"end":{"line":342,"column":37}},"128":{"start":{"line":345,"column":17},"end":{"line":345,"column":43}},"129":{"start":{"line":348,"column":4},"end":{"line":351,"column":6}},"130":{"start":{"line":353,"column":4},"end":{"line":353,"column":100}},"131":{"start":{"line":354,"column":4},"end":{"line":354,"column":37}},"132":{"start":{"line":355,"column":4},"end":{"line":355,"column":35}},"133":{"start":{"line":356,"column":4},"end":{"line":356,"column":14}},"134":{"start":{"line":359,"column":4},"end":{"line":359,"column":48}},"135":{"start":{"line":361,"column":17},"end":{"line":361,"column":43}},"136":{"start":{"line":363,"column":4},"end":{"line":366,"column":6}},"137":{"start":{"line":367,"column":4},"end":{"line":367,"column":56}},"138":{"start":{"line":375,"column":0},"end":{"line":430,"column":3}},"139":{"start":{"line":376,"column":2},"end":{"line":429,"column":3}},"140":{"start":{"line":377,"column":26},"end":{"line":377,"column":48}},"141":{"start":{"line":378,"column":16},"end":{"line":378,"column":59}},"142":{"start":{"line":380,"column":4},"end":{"line":380,"column":50}},"143":{"start":{"line":381,"column":4},"end":{"line":381,"column":36}},"144":{"start":{"line":382,"column":4},"end":{"line":382,"column":18}},"145":{"start":{"line":385,"column":4},"end":{"line":385,"column":74}},"146":{"start":{"line":386,"column":4},"end":{"line":386,"column":19}},"147":{"start":{"line":387,"column":21},"end":{"line":387,"column":26}},"148":{"start":{"line":388,"column":18},"end":{"line":388,"column":20}},"149":{"start":{"line":388,"column":30},"end":{"line":388,"column":33}},"150":{"start":{"line":388,"column":47},"end":{"line":388,"column":50}},"151":{"start":{"line":388,"column":59},"end":{"line":388,"column":62}},"152":{"start":{"line":388,"column":74},"end":{"line":388,"column":77}},"153":{"start":{"line":389,"column":4},"end":{"line":389,"column":44}},"154":{"start":{"line":390,"column":4},"end":{"line":390,"column":41}},"155":{"start":{"line":391,"column":4},"end":{"line":391,"column":38}},"156":{"start":{"line":392,"column":4},"end":{"line":392,"column":46}},"157":{"start":{"line":393,"column":4},"end":{"line":393,"column":41}},"158":{"start":{"line":394,"column":4},"end":{"line":394,"column":63}},"159":{"start":{"line":395,"column":4},"end":{"line":395,"column":19}},"160":{"start":{"line":396,"column":4},"end":{"line":396,"column":26}},"161":{"start":{"line":397,"column":4},"end":{"line":405,"column":5}},"162":{"start":{"line":398,"column":19},"end":{"line":398,"column":24}},"163":{"start":{"line":399,"column":6},"end":{"line":399,"column":42}},"164":{"start":{"line":400,"column":6},"end":{"line":400,"column":55}},"165":{"start":{"line":401,"column":6},"end":{"line":401,"column":47}},"166":{"start":{"line":402,"column":6},"end":{"line":402,"column":68}},"167":{"start":{"line":403,"column":6},"end":{"line":403,"column":73}},"168":{"start":{"line":404,"column":6},"end":{"line":404,"column":24}},"169":{"start":{"line":408,"column":4},"end":{"line":408,"column":14}},"170":{"start":{"line":411,"column":17},"end":{"line":411,"column":43}},"171":{"start":{"line":414,"column":4},"end":{"line":417,"column":6}},"172":{"start":{"line":420,"column":4},"end":{"line":420,"column":46}},"173":{"start":{"line":422,"column":17},"end":{"line":422,"column":43}},"174":{"start":{"line":424,"column":4},"end":{"line":427,"column":6}},"175":{"start":{"line":428,"column":4},"end":{"line":428,"column":54}},"176":{"start":{"line":436,"column":0},"end":{"line":459,"column":3}},"177":{"start":{"line":437,"column":4},"end":{"line":458,"column":5}},"178":{"start":{"line":438,"column":22},"end":{"line":442,"column":9}},"179":{"start":{"line":443,"column":23},"end":{"line":443,"column":46}},"180":{"start":{"line":445,"column":24},"end":{"line":452,"column":11}},"181":{"start":{"line":445,"column":41},"end":{"line":452,"column":9}},"182":{"start":{"line":454,"column":8},"end":{"line":454,"column":26}},"183":{"start":{"line":456,"column":8},"end":{"line":456,"column":63}},"184":{"start":{"line":457,"column":8},"end":{"line":457,"column":82}},"185":{"start":{"line":468,"column":1},"end":{"line":561,"column":37}},"186":{"start":{"line":469,"column":8},"end":{"line":560,"column":9}},"187":{"start":{"line":470,"column":12},"end":{"line":470,"column":59}},"188":{"start":{"line":471,"column":28},"end":{"line":483,"column":14}},"189":{"start":{"line":485,"column":26},"end":{"line":485,"column":36}},"190":{"start":{"line":487,"column":12},"end":{"line":557,"column":13}},"191":{"start":{"line":488,"column":31},"end":{"line":488,"column":57}},"192":{"start":{"line":489,"column":33},"end":{"line":489,"column":84}},"193":{"start":{"line":490,"column":35},"end":{"line":490,"column":86}},"194":{"start":{"line":492,"column":12},"end":{"line":522,"column":13}},"195":{"start":{"line":493,"column":16},"end":{"line":493,"column":91}},"196":{"start":{"line":494,"column":27},"end":{"line":511,"column":18}},"197":{"start":{"line":513,"column":16},"end":{"line":521,"column":17}},"198":{"start":{"line":514,"column":20},"end":{"line":514,"column":82}},"199":{"start":{"line":515,"column":20},"end":{"line":520,"column":22}},"200":{"start":{"line":524,"column":12},"end":{"line":556,"column":13}},"201":{"start":{"line":525,"column":16},"end":{"line":525,"column":100}},"202":{"start":{"line":526,"column":27},"end":{"line":543,"column":18}},"203":{"start":{"line":545,"column":16},"end":{"line":555,"column":17}},"204":{"start":{"line":546,"column":20},"end":{"line":546,"column":75}},"205":{"start":{"line":547,"column":20},"end":{"line":552,"column":22}},"206":{"start":{"line":554,"column":20},"end":{"line":554,"column":87}},"207":{"start":{"line":559,"column":12},"end":{"line":559,"column":61}},"208":{"start":{"line":564,"column":8},"end":{"line":581,"column":9}},"209":{"start":{"line":565,"column":29},"end":{"line":573,"column":14}},"210":{"start":{"line":575,"column":12},"end":{"line":578,"column":13}},"211":{"start":{"line":576,"column":16},"end":{"line":576,"column":60}},"212":{"start":{"line":577,"column":16},"end":{"line":577,"column":28}},"213":{"start":{"line":580,"column":12},"end":{"line":580,"column":100}},"214":{"start":{"line":582,"column":8},"end":{"line":582,"column":21}},"215":{"start":{"line":587,"column":0},"end":{"line":627,"column":4}},"216":{"start":{"line":588,"column":0},"end":{"line":627,"column":3}},"217":{"start":{"line":589,"column":4},"end":{"line":589,"column":55}},"218":{"start":{"line":591,"column":34},"end":{"line":591,"column":47}},"219":{"start":{"line":592,"column":17},"end":{"line":592,"column":36}},"220":{"start":{"line":593,"column":18},"end":{"line":593,"column":29}},"221":{"start":{"line":595,"column":32},"end":{"line":595,"column":69}},"222":{"start":{"line":596,"column":4},"end":{"line":606,"column":5}},"223":{"start":{"line":597,"column":8},"end":{"line":605,"column":9}},"224":{"start":{"line":598,"column":37},"end":{"line":600,"column":13}},"225":{"start":{"line":599,"column":23},"end":{"line":599,"column":61}},"226":{"start":{"line":601,"column":12},"end":{"line":604,"column":13}},"227":{"start":{"line":602,"column":16},"end":{"line":602,"column":51}},"228":{"start":{"line":603,"column":16},"end":{"line":603,"column":22}},"229":{"start":{"line":608,"column":4},"end":{"line":608,"column":90}},"230":{"start":{"line":610,"column":4},"end":{"line":625,"column":5}},"231":{"start":{"line":611,"column":26},"end":{"line":611,"column":74}},"232":{"start":{"line":612,"column":30},"end":{"line":612,"column":136}},"233":{"start":{"line":614,"column":26},"end":{"line":614,"column":63}},"234":{"start":{"line":616,"column":31},"end":{"line":619,"column":9}},"235":{"start":{"line":621,"column":8},"end":{"line":621,"column":63}},"236":{"start":{"line":622,"column":8},"end":{"line":622,"column":92}},"237":{"start":{"line":624,"column":8},"end":{"line":624,"column":100}},"238":{"start":{"line":628,"column":0},"end":{"line":628,"column":21}}},"fnMap":{"0":{"name":"(anonymous_0)","decl":{"start":{"line":29,"column":30},"end":{"line":29,"column":31}},"loc":{"start":{"line":29,"column":40},"end":{"line":33,"column":1}},"line":29},"1":{"name":"(anonymous_1)","decl":{"start":{"line":36,"column":27},"end":{"line":36,"column":28}},"loc":{"start":{"line":36,"column":37},"end":{"line":60,"column":1}},"line":36},"2":{"name":"(anonymous_2)","decl":{"start":{"line":64,"column":23},"end":{"line":64,"column":24}},"loc":{"start":{"line":64,"column":35},"end":{"line":76,"column":1}},"line":64},"3":{"name":"(anonymous_3)","decl":{"start":{"line":70,"column":26},"end":{"line":70,"column":27}},"loc":{"start":{"line":70,"column":35},"end":{"line":73,"column":5}},"line":70},"4":{"name":"(anonymous_4)","decl":{"start":{"line":83,"column":26},"end":{"line":83,"column":27}},"loc":{"start":{"line":83,"column":46},"end":{"line":108,"column":1}},"line":83},"5":{"name":"(anonymous_5)","decl":{"start":{"line":91,"column":43},"end":{"line":91,"column":44}},"loc":{"start":{"line":91,"column":60},"end":{"line":98,"column":9}},"line":91},"6":{"name":"(anonymous_6)","decl":{"start":{"line":98,"column":70},"end":{"line":98,"column":71}},"loc":{"start":{"line":98,"column":75},"end":{"line":98,"column":99}},"line":98},"7":{"name":"(anonymous_7)","decl":{"start":{"line":114,"column":28},"end":{"line":114,"column":29}},"loc":{"start":{"line":114,"column":48},"end":{"line":206,"column":1}},"line":114},"8":{"name":"(anonymous_8)","decl":{"start":{"line":212,"column":24},"end":{"line":212,"column":25}},"loc":{"start":{"line":212,"column":44},"end":{"line":236,"column":1}},"line":212},"9":{"name":"(anonymous_9)","decl":{"start":{"line":223,"column":33},"end":{"line":223,"column":34}},"loc":{"start":{"line":223,"column":41},"end":{"line":229,"column":9}},"line":223},"10":{"name":"(anonymous_10)","decl":{"start":{"line":242,"column":30},"end":{"line":242,"column":31}},"loc":{"start":{"line":242,"column":50},"end":{"line":263,"column":1}},"line":242},"11":{"name":"(anonymous_11)","decl":{"start":{"line":252,"column":39},"end":{"line":252,"column":40}},"loc":{"start":{"line":252,"column":47},"end":{"line":256,"column":9}},"line":252},"12":{"name":"(anonymous_12)","decl":{"start":{"line":269,"column":40},"end":{"line":269,"column":41}},"loc":{"start":{"line":269,"column":60},"end":{"line":278,"column":1}},"line":269},"13":{"name":"(anonymous_13)","decl":{"start":{"line":288,"column":27},"end":{"line":288,"column":28}},"loc":{"start":{"line":288,"column":47},"end":{"line":320,"column":1}},"line":288},"14":{"name":"(anonymous_14)","decl":{"start":{"line":326,"column":29},"end":{"line":326,"column":30}},"loc":{"start":{"line":326,"column":49},"end":{"line":369,"column":1}},"line":326},"15":{"name":"(anonymous_15)","decl":{"start":{"line":375,"column":27},"end":{"line":375,"column":28}},"loc":{"start":{"line":375,"column":47},"end":{"line":430,"column":1}},"line":375},"16":{"name":"(anonymous_16)","decl":{"start":{"line":436,"column":31},"end":{"line":436,"column":32}},"loc":{"start":{"line":436,"column":51},"end":{"line":459,"column":1}},"line":436},"17":{"name":"(anonymous_17)","decl":{"start":{"line":445,"column":33},"end":{"line":445,"column":34}},"loc":{"start":{"line":445,"column":41},"end":{"line":452,"column":9}},"line":445},"18":{"name":"(anonymous_18)","decl":{"start":{"line":468,"column":28},"end":{"line":468,"column":29}},"loc":{"start":{"line":468,"column":40},"end":{"line":561,"column":5}},"line":468},"19":{"name":"sendEmailJS","decl":{"start":{"line":563,"column":19},"end":{"line":563,"column":30}},"loc":{"start":{"line":563,"column":99},"end":{"line":583,"column":9}},"line":563},"20":{"name":"(anonymous_20)","decl":{"start":{"line":588,"column":28},"end":{"line":588,"column":29}},"loc":{"start":{"line":588,"column":40},"end":{"line":627,"column":1}},"line":588},"21":{"name":"(anonymous_21)","decl":{"start":{"line":599,"column":16},"end":{"line":599,"column":17}},"loc":{"start":{"line":599,"column":23},"end":{"line":599,"column":61}},"line":599}},"branchMap":{"0":{"loc":{"start":{"line":30,"column":4},"end":{"line":30,"column":27}},"type":"if","locations":[{"start":{"line":30,"column":4},"end":{"line":30,"column":27}},{"start":{},"end":{}}],"line":30},"1":{"loc":{"start":{"line":32,"column":11},"end":{"line":32,"column":73}},"type":"cond-expr","locations":[{"start":{"line":32,"column":34},"end":{"line":32,"column":66}},{"start":{"line":32,"column":69},"end":{"line":32,"column":73}}],"line":32},"2":{"loc":{"start":{"line":38,"column":4},"end":{"line":42,"column":5}},"type":"if","locations":[{"start":{"line":38,"column":4},"end":{"line":42,"column":5}},{"start":{"line":40,"column":11},"end":{"line":42,"column":5}}],"line":38},"3":{"loc":{"start":{"line":40,"column":11},"end":{"line":42,"column":5}},"type":"if","locations":[{"start":{"line":40,"column":11},"end":{"line":42,"column":5}},{"start":{},"end":{}}],"line":40},"4":{"loc":{"start":{"line":47,"column":24},"end":{"line":47,"column":106}},"type":"cond-expr","locations":[{"start":{"line":47,"column":44},"end":{"line":47,"column":99}},{"start":{"line":47,"column":102},"end":{"line":47,"column":106}}],"line":47},"5":{"loc":{"start":{"line":92,"column":12},"end":{"line":96,"column":13}},"type":"if","locations":[{"start":{"line":92,"column":12},"end":{"line":96,"column":13}},{"start":{"line":94,"column":19},"end":{"line":96,"column":13}}],"line":92},"6":{"loc":{"start":{"line":115,"column":38},"end":{"line":115,"column":94}},"type":"default-arg","locations":[{"start":{"line":115,"column":47},"end":{"line":115,"column":94}}],"line":115},"7":{"loc":{"start":{"line":115,"column":96},"end":{"line":115,"column":117}},"type":"default-arg","locations":[{"start":{"line":115,"column":103},"end":{"line":115,"column":117}}],"line":115},"8":{"loc":{"start":{"line":124,"column":8},"end":{"line":124,"column":80}},"type":"if","locations":[{"start":{"line":124,"column":8},"end":{"line":124,"column":80}},{"start":{},"end":{}}],"line":124},"9":{"loc":{"start":{"line":131,"column":8},"end":{"line":135,"column":9}},"type":"if","locations":[{"start":{"line":131,"column":8},"end":{"line":135,"column":9}},{"start":{"line":133,"column":15},"end":{"line":135,"column":9}}],"line":131},"10":{"loc":{"start":{"line":133,"column":15},"end":{"line":135,"column":9}},"type":"if","locations":[{"start":{"line":133,"column":15},"end":{"line":135,"column":9}},{"start":{},"end":{}}],"line":133},"11":{"loc":{"start":{"line":158,"column":8},"end":{"line":194,"column":9}},"type":"if","locations":[{"start":{"line":158,"column":8},"end":{"line":194,"column":9}},{"start":{},"end":{}}],"line":158},"12":{"loc":{"start":{"line":158,"column":12},"end":{"line":158,"column":86}},"type":"binary-expr","locations":[{"start":{"line":158,"column":12},"end":{"line":158,"column":42}},{"start":{"line":158,"column":46},"end":{"line":158,"column":86}}],"line":158},"13":{"loc":{"start":{"line":225,"column":18},"end":{"line":228,"column":22}},"type":"cond-expr","locations":[{"start":{"line":225,"column":29},"end":{"line":228,"column":14}},{"start":{"line":228,"column":17},"end":{"line":228,"column":22}}],"line":225},"14":{"loc":{"start":{"line":254,"column":20},"end":{"line":254,"column":73}},"type":"cond-expr","locations":[{"start":{"line":254,"column":33},"end":{"line":254,"column":66}},{"start":{"line":254,"column":69},"end":{"line":254,"column":73}}],"line":254},"15":{"loc":{"start":{"line":297,"column":17},"end":{"line":297,"column":43}},"type":"binary-expr","locations":[{"start":{"line":297,"column":17},"end":{"line":297,"column":31}},{"start":{"line":297,"column":35},"end":{"line":297,"column":43}}],"line":297},"16":{"loc":{"start":{"line":312,"column":17},"end":{"line":312,"column":43}},"type":"binary-expr","locations":[{"start":{"line":312,"column":17},"end":{"line":312,"column":31}},{"start":{"line":312,"column":35},"end":{"line":312,"column":43}}],"line":312},"17":{"loc":{"start":{"line":345,"column":17},"end":{"line":345,"column":43}},"type":"binary-expr","locations":[{"start":{"line":345,"column":17},"end":{"line":345,"column":31}},{"start":{"line":345,"column":35},"end":{"line":345,"column":43}}],"line":345},"18":{"loc":{"start":{"line":361,"column":17},"end":{"line":361,"column":43}},"type":"binary-expr","locations":[{"start":{"line":361,"column":17},"end":{"line":361,"column":31}},{"start":{"line":361,"column":35},"end":{"line":361,"column":43}}],"line":361},"19":{"loc":{"start":{"line":403,"column":15},"end":{"line":403,"column":40}},"type":"binary-expr","locations":[{"start":{"line":403,"column":15},"end":{"line":403,"column":31}},{"start":{"line":403,"column":35},"end":{"line":403,"column":40}}],"line":403},"20":{"loc":{"start":{"line":411,"column":17},"end":{"line":411,"column":43}},"type":"binary-expr","locations":[{"start":{"line":411,"column":17},"end":{"line":411,"column":31}},{"start":{"line":411,"column":35},"end":{"line":411,"column":43}}],"line":411},"21":{"loc":{"start":{"line":422,"column":17},"end":{"line":422,"column":43}},"type":"binary-expr","locations":[{"start":{"line":422,"column":17},"end":{"line":422,"column":31}},{"start":{"line":422,"column":35},"end":{"line":422,"column":43}}],"line":422},"22":{"loc":{"start":{"line":490,"column":35},"end":{"line":490,"column":86}},"type":"cond-expr","locations":[{"start":{"line":490,"column":54},"end":{"line":490,"column":81}},{"start":{"line":490,"column":84},"end":{"line":490,"column":86}}],"line":490},"23":{"loc":{"start":{"line":492,"column":12},"end":{"line":522,"column":13}},"type":"if","locations":[{"start":{"line":492,"column":12},"end":{"line":522,"column":13}},{"start":{},"end":{}}],"line":492},"24":{"loc":{"start":{"line":492,"column":16},"end":{"line":492,"column":80}},"type":"binary-expr","locations":[{"start":{"line":492,"column":16},"end":{"line":492,"column":31}},{"start":{"line":492,"column":35},"end":{"line":492,"column":80}}],"line":492},"25":{"loc":{"start":{"line":513,"column":16},"end":{"line":521,"column":17}},"type":"if","locations":[{"start":{"line":513,"column":16},"end":{"line":521,"column":17}},{"start":{},"end":{}}],"line":513},"26":{"loc":{"start":{"line":524,"column":12},"end":{"line":556,"column":13}},"type":"if","locations":[{"start":{"line":524,"column":12},"end":{"line":556,"column":13}},{"start":{},"end":{}}],"line":524},"27":{"loc":{"start":{"line":524,"column":16},"end":{"line":524,"column":93}},"type":"binary-expr","locations":[{"start":{"line":524,"column":16},"end":{"line":524,"column":28}},{"start":{"line":524,"column":32},"end":{"line":524,"column":45}},{"start":{"line":524,"column":49},"end":{"line":524,"column":93}}],"line":524},"28":{"loc":{"start":{"line":545,"column":16},"end":{"line":555,"column":17}},"type":"if","locations":[{"start":{"line":545,"column":16},"end":{"line":555,"column":17}},{"start":{"line":553,"column":23},"end":{"line":555,"column":17}}],"line":545},"29":{"loc":{"start":{"line":575,"column":12},"end":{"line":578,"column":13}},"type":"if","locations":[{"start":{"line":575,"column":12},"end":{"line":578,"column":13}},{"start":{},"end":{}}],"line":575},"30":{"loc":{"start":{"line":580,"column":46},"end":{"line":580,"column":98}},"type":"cond-expr","locations":[{"start":{"line":580,"column":63},"end":{"line":580,"column":82}},{"start":{"line":580,"column":85},"end":{"line":580,"column":98}}],"line":580},"31":{"loc":{"start":{"line":587,"column":0},"end":{"line":627,"column":4}},"type":"if","locations":[{"start":{"line":587,"column":0},"end":{"line":627,"column":4}},{"start":{},"end":{}}],"line":587},"32":{"loc":{"start":{"line":597,"column":8},"end":{"line":605,"column":9}},"type":"if","locations":[{"start":{"line":597,"column":8},"end":{"line":605,"column":9}},{"start":{},"end":{}}],"line":597},"33":{"loc":{"start":{"line":599,"column":23},"end":{"line":599,"column":61}},"type":"binary-expr","locations":[{"start":{"line":599,"column":23},"end":{"line":599,"column":44}},{"start":{"line":599,"column":48},"end":{"line":599,"column":61}}],"line":599},"34":{"loc":{"start":{"line":601,"column":12},"end":{"line":604,"column":13}},"type":"if","locations":[{"start":{"line":601,"column":12},"end":{"line":604,"column":13}},{"start":{},"end":{}}],"line":601}},"s":{"0":1,"1":1,"2":1,"3":1,"4":1,"5":1,"6":1,"7":1,"8":1,"9":1,"10":1,"11":1,"12":1,"13":1,"14":1,"15":1,"16":0,"17":0,"18":0,"19":1,"20":0,"21":0,"22":0,"23":0,"24":0,"25":0,"26":0,"27":0,"28":1,"29":1,"30":1,"31":0,"32":0,"33":0,"34":1,"35":1,"36":1,"37":0,"38":0,"39":0,"40":0,"41":0,"42":0,"43":0,"44":0,"45":0,"46":1,"47":1,"48":1,"49":0,"50":0,"51":0,"52":0,"53":0,"54":0,"55":0,"56":0,"57":0,"58":0,"59":0,"60":0,"61":0,"62":0,"63":0,"64":0,"65":0,"66":0,"67":0,"68":0,"69":0,"70":0,"71":0,"72":0,"73":0,"74":0,"75":0,"76":0,"77":0,"78":0,"79":0,"80":0,"81":1,"82":1,"83":1,"84":1,"85":0,"86":0,"87":0,"88":1,"89":1,"90":1,"91":1,"92":1,"93":1,"94":0,"95":0,"96":0,"97":1,"98":1,"99":1,"100":0,"101":0,"102":0,"103":0,"104":0,"105":0,"106":1,"107":0,"108":0,"109":0,"110":0,"111":0,"112":0,"113":0,"114":0,"115":0,"116":0,"117":0,"118":0,"119":0,"120":0,"121":1,"122":0,"123":0,"124":0,"125":0,"126":0,"127":0,"128":0,"129":0,"130":0,"131":0,"132":0,"133":0,"134":0,"135":0,"136":0,"137":0,"138":1,"139":1,"140":1,"141":0,"142":0,"143":0,"144":0,"145":0,"146":0,"147":0,"148":0,"149":0,"150":0,"151":0,"152":0,"153":0,"154":0,"155":0,"156":0,"157":0,"158":0,"159":0,"160":0,"161":0,"162":0,"163":0,"164":0,"165":0,"166":0,"167":0,"168":0,"169":0,"170":0,"171":0,"172":1,"173":1,"174":1,"175":0,"176":1,"177":0,"178":0,"179":0,"180":0,"181":0,"182":0,"183":0,"184":0,"185":1,"186":0,"187":0,"188":0,"189":0,"190":0,"191":0,"192":0,"193":0,"194":0,"195":0,"196":0,"197":0,"198":0,"199":0,"200":0,"201":0,"202":0,"203":0,"204":0,"205":0,"206":0,"207":0,"208":0,"209":0,"210":0,"211":0,"212":0,"213":0,"214":0,"215":1,"216":0,"217":0,"218":0,"219":0,"220":0,"221":0,"222":0,"223":0,"224":0,"225":0,"226":0,"227":0,"228":0,"229":0,"230":0,"231":0,"232":0,"233":0,"234":0,"235":0,"236":0,"237":0,"238":1},"f":{"0":0,"1":0,"2":1,"3":0,"4":1,"5":0,"6":0,"7":0,"8":1,"9":0,"10":1,"11":0,"12":0,"13":0,"14":0,"15":1,"16":0,"17":0,"18":0,"19":0,"20":0,"21":0},"b":{"0":[0,0],"1":[0,0],"2":[0,0],"3":[0,0],"4":[0,0],"5":[0,0],"6":[0],"7":[0],"8":[0,0],"9":[0,0],"10":[0,0],"11":[0,0],"12":[0,0],"13":[0,0],"14":[0,0],"15":[0,0],"16":[0,0],"17":[0,0],"18":[0,0],"19":[0,0],"20":[0,0],"21":[1,1],"22":[0,0],"23":[0,0],"24":[0,0],"25":[0,0],"26":[0,0],"27":[0,0,0],"28":[0,0],"29":[0,0],"30":[0,0],"31":[0,1],"32":[0,0],"33":[0,0],"34":[0,0]},"_coverageSchema":"1a1c01bbd47fc00a2c39e90264f33305004495a9","hash":"0e6f6d48cb53a4b12aa2b8df24291079a0b9edae"}
}
