TN:
SF:server.js
FN:29,(anonymous_0)
FN:36,(anonymous_1)
FN:64,(anonymous_2)
FN:70,(anonymous_3)
FN:83,(anonymous_4)
FN:91,(anonymous_5)
FN:98,(anonymous_6)
FN:114,(anonymous_7)
FN:212,(anonymous_8)
FN:223,(anonymous_9)
FN:242,(anonymous_10)
FN:252,(anonymous_11)
FN:269,(anonymous_12)
FN:288,(anonymous_13)
FN:326,(anonymous_14)
FN:375,(anonymous_15)
FN:436,(anonymous_16)
FN:445,(anonymous_17)
FN:468,(anonymous_18)
FN:563,sendEmailJS
FN:588,(anonymous_20)
FN:599,(anonymous_21)
FNF:22
FNH:5
FNDA:0,(anonymous_0)
FNDA:0,(anonymous_1)
FNDA:1,(anonymous_2)
FNDA:0,(anonymous_3)
FNDA:1,(anonymous_4)
FNDA:0,(anonymous_5)
FNDA:0,(anonymous_6)
FNDA:0,(anonymous_7)
FNDA:1,(anonymous_8)
FNDA:0,(anonymous_9)
FNDA:1,(anonymous_10)
FNDA:0,(anonymous_11)
FNDA:0,(anonymous_12)
FNDA:0,(anonymous_13)
FNDA:0,(anonymous_14)
FNDA:1,(anonymous_15)
FNDA:0,(anonymous_16)
FNDA:0,(anonymous_17)
FNDA:0,(anonymous_18)
FNDA:0,sendEmailJS
FNDA:0,(anonymous_20)
FNDA:0,(anonymous_21)
DA:1,1
DA:2,1
DA:3,1
DA:4,1
DA:5,1
DA:6,1
DA:7,1
DA:10,1
DA:11,1
DA:12,1
DA:14,1
DA:15,1
DA:16,1
DA:18,1
DA:21,1
DA:29,1
DA:30,0
DA:32,0
DA:36,1
DA:37,0
DA:38,0
DA:39,0
DA:40,0
DA:41,0
DA:45,0
DA:47,0
DA:49,0
DA:64,1
DA:65,1
DA:67,1
DA:70,0
DA:75,0
DA:83,1
DA:84,1
DA:85,1
DA:86,0
DA:89,0
DA:91,0
DA:92,0
DA:93,0
DA:95,0
DA:97,0
DA:98,0
DA:100,0
DA:105,1
DA:106,1
DA:114,1
DA:115,0
DA:117,0
DA:119,0
DA:120,0
DA:123,0
DA:124,0
DA:125,0
DA:128,0
DA:129,0
DA:131,0
DA:132,0
DA:133,0
DA:134,0
DA:137,0
DA:140,0
DA:143,0
DA:148,0
DA:153,0
DA:154,0
DA:155,0
DA:156,0
DA:158,0
DA:159,0
DA:164,0
DA:173,0
DA:196,0
DA:197,0
DA:200,0
DA:201,0
DA:202,0
DA:204,0
DA:212,1
DA:213,1
DA:214,1
DA:221,1
DA:223,0
DA:231,0
DA:233,1
DA:234,1
DA:242,1
DA:243,1
DA:244,1
DA:250,1
DA:252,0
DA:258,0
DA:260,1
DA:261,1
DA:269,1
DA:270,0
DA:271,0
DA:272,0
DA:273,0
DA:275,0
DA:276,0
DA:288,1
DA:289,0
DA:290,0
DA:292,0
DA:293,0
DA:294,0
DA:297,0
DA:300,0
DA:305,0
DA:306,0
DA:307,0
DA:310,0
DA:312,0
DA:314,0
DA:318,0
DA:326,1
DA:327,0
DA:328,0
DA:330,0
DA:331,0
DA:333,0
DA:342,0
DA:345,0
DA:348,0
DA:353,0
DA:354,0
DA:355,0
DA:356,0
DA:359,0
DA:361,0
DA:363,0
DA:367,0
DA:375,1
DA:376,1
DA:377,1
DA:378,0
DA:380,0
DA:381,0
DA:382,0
DA:385,0
DA:386,0
DA:387,0
DA:388,0
DA:389,0
DA:390,0
DA:391,0
DA:392,0
DA:393,0
DA:394,0
DA:395,0
DA:396,0
DA:397,0
DA:398,0
DA:399,0
DA:400,0
DA:401,0
DA:402,0
DA:403,0
DA:404,0
DA:408,0
DA:411,0
DA:414,0
DA:420,1
DA:422,1
DA:424,1
DA:428,0
DA:436,1
DA:437,0
DA:438,0
DA:443,0
DA:445,0
DA:454,0
DA:456,0
DA:457,0
DA:468,1
DA:469,0
DA:470,0
DA:471,0
DA:485,0
DA:487,0
DA:488,0
DA:489,0
DA:490,0
DA:492,0
DA:493,0
DA:494,0
DA:513,0
DA:514,0
DA:515,0
DA:524,0
DA:525,0
DA:526,0
DA:545,0
DA:546,0
DA:547,0
DA:554,0
DA:559,0
DA:564,0
DA:565,0
DA:575,0
DA:576,0
DA:577,0
DA:580,0
DA:582,0
DA:587,1
DA:588,0
DA:589,0
DA:591,0
DA:592,0
DA:593,0
DA:595,0
DA:596,0
DA:597,0
DA:598,0
DA:599,0
DA:601,0
DA:602,0
DA:603,0
DA:608,0
DA:610,0
DA:611,0
DA:612,0
DA:614,0
DA:616,0
DA:621,0
DA:622,0
DA:624,0
DA:628,1
LF:229
LH:51
BRDA:30,0,0,0
BRDA:30,0,1,0
BRDA:32,1,0,0
BRDA:32,1,1,0
BRDA:38,2,0,0
BRDA:38,2,1,0
BRDA:40,3,0,0
BRDA:40,3,1,0
BRDA:47,4,0,0
BRDA:47,4,1,0
BRDA:92,5,0,0
BRDA:92,5,1,0
BRDA:115,6,0,0
BRDA:115,7,0,0
BRDA:124,8,0,0
BRDA:124,8,1,0
BRDA:131,9,0,0
BRDA:131,9,1,0
BRDA:133,10,0,0
BRDA:133,10,1,0
BRDA:158,11,0,0
BRDA:158,11,1,0
BRDA:158,12,0,0
BRDA:158,12,1,0
BRDA:225,13,0,0
BRDA:225,13,1,0
BRDA:254,14,0,0
BRDA:254,14,1,0
BRDA:297,15,0,0
BRDA:297,15,1,0
BRDA:312,16,0,0
BRDA:312,16,1,0
BRDA:345,17,0,0
BRDA:345,17,1,0
BRDA:361,18,0,0
BRDA:361,18,1,0
BRDA:403,19,0,0
BRDA:403,19,1,0
BRDA:411,20,0,0
BRDA:411,20,1,0
BRDA:422,21,0,1
BRDA:422,21,1,1
BRDA:490,22,0,0
BRDA:490,22,1,0
BRDA:492,23,0,0
BRDA:492,23,1,0
BRDA:492,24,0,0
BRDA:492,24,1,0
BRDA:513,25,0,0
BRDA:513,25,1,0
BRDA:524,26,0,0
BRDA:524,26,1,0
BRDA:524,27,0,0
BRDA:524,27,1,0
BRDA:524,27,2,0
BRDA:545,28,0,0
BRDA:545,28,1,0
BRDA:575,29,0,0
BRDA:575,29,1,0
BRDA:580,30,0,0
BRDA:580,30,1,0
BRDA:587,31,0,0
BRDA:587,31,1,1
BRDA:597,32,0,0
BRDA:597,32,1,0
BRDA:599,33,0,0
BRDA:599,33,1,0
BRDA:601,34,0,0
BRDA:601,34,1,0
BRF:69
BRH:3
end_of_record
