{"C:\\Users\\mroei\\Documents\\GitHub\\MyWeewooo\\app\\(tabs)\\scan.tsx": {"path":"C:\\Users\\mroei\\Documents\\GitHub\\MyWeewooo\\app\\(tabs)\\scan.tsx","statementMap":{"0":{"start":{"line":18,"column":25},"end":{"line":25,"column":1}},"1":{"start":{"line":28,"column":23},"end":{"line":28,"column":48}},"2":{"start":{"line":31,"column":32},"end":{"line":31,"column":44}},"3":{"start":{"line":32,"column":32},"end":{"line":32,"column":47}},"4":{"start":{"line":33,"column":38},"end":{"line":35,"column":3}},"5":{"start":{"line":36,"column":40},"end":{"line":36,"column":54}},"6":{"start":{"line":37,"column":42},"end":{"line":37,"column":64}},"7":{"start":{"line":42,"column":29},"end":{"line":81,"column":3}},"8":{"start":{"line":44,"column":23},"end":{"line":44,"column":41}},"9":{"start":{"line":45,"column":4},"end":{"line":45,"column":28}},"10":{"start":{"line":45,"column":21},"end":{"line":45,"column":28}},"11":{"start":{"line":47,"column":4},"end":{"line":50,"column":5}},"12":{"start":{"line":48,"column":6},"end":{"line":48,"column":49}},"13":{"start":{"line":49,"column":6},"end":{"line":49,"column":13}},"14":{"start":{"line":53,"column":4},"end":{"line":59,"column":5}},"15":{"start":{"line":54,"column":19},"end":{"line":54,"column":57}},"16":{"start":{"line":54,"column":37},"end":{"line":54,"column":56}},"17":{"start":{"line":55,"column":6},"end":{"line":58,"column":7}},"18":{"start":{"line":56,"column":8},"end":{"line":56,"column":84}},"19":{"start":{"line":57,"column":8},"end":{"line":57,"column":15}},"20":{"start":{"line":62,"column":4},"end":{"line":62,"column":21}},"21":{"start":{"line":63,"column":4},"end":{"line":63,"column":27}},"22":{"start":{"line":66,"column":4},"end":{"line":72,"column":5}},"23":{"start":{"line":68,"column":6},"end":{"line":68,"column":52}},"24":{"start":{"line":71,"column":6},"end":{"line":71,"column":51}},"25":{"start":{"line":74,"column":4},"end":{"line":74,"column":79}},"26":{"start":{"line":77,"column":4},"end":{"line":80,"column":13}},"27":{"start":{"line":78,"column":6},"end":{"line":78,"column":24}},"28":{"start":{"line":79,"column":6},"end":{"line":79,"column":21}},"29":{"start":{"line":83,"column":28},"end":{"line":98,"column":3}},"30":{"start":{"line":84,"column":17},"end":{"line":84,"column":35}},"31":{"start":{"line":85,"column":4},"end":{"line":97,"column":5}},"32":{"start":{"line":87,"column":6},"end":{"line":93,"column":7}},"33":{"start":{"line":89,"column":8},"end":{"line":89,"column":25}},"34":{"start":{"line":90,"column":8},"end":{"line":90,"column":50}},"35":{"start":{"line":90,"column":25},"end":{"line":90,"column":42}},"36":{"start":{"line":91,"column":8},"end":{"line":91,"column":45}},"37":{"start":{"line":92,"column":8},"end":{"line":92,"column":15}},"38":{"start":{"line":96,"column":6},"end":{"line":96,"column":31}},"39":{"start":{"line":100,"column":23},"end":{"line":111,"column":3}},"40":{"start":{"line":101,"column":17},"end":{"line":101,"column":31}},"41":{"start":{"line":102,"column":4},"end":{"line":102,"column":22}},"42":{"start":{"line":102,"column":15},"end":{"line":102,"column":22}},"43":{"start":{"line":104,"column":4},"end":{"line":107,"column":5}},"44":{"start":{"line":105,"column":6},"end":{"line":105,"column":78}},"45":{"start":{"line":106,"column":6},"end":{"line":106,"column":13}},"46":{"start":{"line":110,"column":4},"end":{"line":110,"column":29}},"47":{"start":{"line":113,"column":26},"end":{"line":116,"column":3}},"48":{"start":{"line":115,"column":4},"end":{"line":115,"column":29}},"49":{"start":{"line":118,"column":31},"end":{"line":160,"column":3}},"50":{"start":{"line":119,"column":4},"end":{"line":159,"column":6}},"51":{"start":{"line":127,"column":25},"end":{"line":127,"column":50}},"52":{"start":{"line":146,"column":25},"end":{"line":146,"column":51}},"53":{"start":{"line":162,"column":23},"end":{"line":240,"column":3}},"54":{"start":{"line":164,"column":4},"end":{"line":170,"column":5}},"55":{"start":{"line":167,"column":6},"end":{"line":169,"column":8}},"56":{"start":{"line":175,"column":4},"end":{"line":182,"column":5}},"57":{"start":{"line":176,"column":6},"end":{"line":181,"column":8}},"58":{"start":{"line":184,"column":4},"end":{"line":198,"column":5}},"59":{"start":{"line":186,"column":6},"end":{"line":197,"column":8}},"60":{"start":{"line":200,"column":4},"end":{"line":239,"column":6}},"61":{"start":{"line":206,"column":42},"end":{"line":206,"column":65}},"62":{"start":{"line":242,"column":2},"end":{"line":283,"column":4}},"63":{"start":{"line":271,"column":14},"end":{"line":277,"column":33}},"64":{"start":{"line":274,"column":31},"end":{"line":274,"column":52}},"65":{"start":{"line":286,"column":15},"end":{"line":463,"column":2}}},"fnMap":{"0":{"name":"ScanScreen","decl":{"start":{"line":30,"column":24},"end":{"line":30,"column":34}},"loc":{"start":{"line":30,"column":37},"end":{"line":284,"column":1}},"line":30},"1":{"name":"(anonymous_1)","decl":{"start":{"line":42,"column":29},"end":{"line":42,"column":30}},"loc":{"start":{"line":42,"column":47},"end":{"line":81,"column":3}},"line":42},"2":{"name":"(anonymous_2)","decl":{"start":{"line":54,"column":30},"end":{"line":54,"column":31}},"loc":{"start":{"line":54,"column":37},"end":{"line":54,"column":56}},"line":54},"3":{"name":"(anonymous_3)","decl":{"start":{"line":77,"column":15},"end":{"line":77,"column":16}},"loc":{"start":{"line":77,"column":21},"end":{"line":80,"column":5}},"line":77},"4":{"name":"(anonymous_4)","decl":{"start":{"line":83,"column":28},"end":{"line":83,"column":29}},"loc":{"start":{"line":83,"column":46},"end":{"line":98,"column":3}},"line":83},"5":{"name":"(anonymous_5)","decl":{"start":{"line":90,"column":19},"end":{"line":90,"column":20}},"loc":{"start":{"line":90,"column":25},"end":{"line":90,"column":42}},"line":90},"6":{"name":"(anonymous_6)","decl":{"start":{"line":100,"column":23},"end":{"line":100,"column":24}},"loc":{"start":{"line":100,"column":29},"end":{"line":111,"column":3}},"line":100},"7":{"name":"(anonymous_7)","decl":{"start":{"line":113,"column":26},"end":{"line":113,"column":27}},"loc":{"start":{"line":113,"column":44},"end":{"line":116,"column":3}},"line":113},"8":{"name":"(anonymous_8)","decl":{"start":{"line":118,"column":31},"end":{"line":118,"column":32}},"loc":{"start":{"line":118,"column":37},"end":{"line":160,"column":3}},"line":118},"9":{"name":"(anonymous_9)","decl":{"start":{"line":127,"column":19},"end":{"line":127,"column":20}},"loc":{"start":{"line":127,"column":25},"end":{"line":127,"column":50}},"line":127},"10":{"name":"(anonymous_10)","decl":{"start":{"line":146,"column":19},"end":{"line":146,"column":20}},"loc":{"start":{"line":146,"column":25},"end":{"line":146,"column":51}},"line":146},"11":{"name":"(anonymous_11)","decl":{"start":{"line":162,"column":23},"end":{"line":162,"column":24}},"loc":{"start":{"line":162,"column":29},"end":{"line":240,"column":3}},"line":162},"12":{"name":"(anonymous_12)","decl":{"start":{"line":206,"column":28},"end":{"line":206,"column":29}},"loc":{"start":{"line":206,"column":42},"end":{"line":206,"column":65}},"line":206},"13":{"name":"(anonymous_13)","decl":{"start":{"line":270,"column":34},"end":{"line":270,"column":35}},"loc":{"start":{"line":271,"column":14},"end":{"line":277,"column":33}},"line":271},"14":{"name":"(anonymous_14)","decl":{"start":{"line":274,"column":25},"end":{"line":274,"column":26}},"loc":{"start":{"line":274,"column":31},"end":{"line":274,"column":52}},"line":274}},"branchMap":{"0":{"loc":{"start":{"line":44,"column":23},"end":{"line":44,"column":41}},"type":"binary-expr","locations":[{"start":{"line":44,"column":23},"end":{"line":44,"column":35}},{"start":{"line":44,"column":39},"end":{"line":44,"column":41}}],"line":44},"1":{"loc":{"start":{"line":45,"column":4},"end":{"line":45,"column":28}},"type":"if","locations":[{"start":{"line":45,"column":4},"end":{"line":45,"column":28}},{"start":{},"end":{}}],"line":45},"2":{"loc":{"start":{"line":47,"column":4},"end":{"line":50,"column":5}},"type":"if","locations":[{"start":{"line":47,"column":4},"end":{"line":50,"column":5}},{"start":{},"end":{}}],"line":47},"3":{"loc":{"start":{"line":53,"column":4},"end":{"line":59,"column":5}},"type":"if","locations":[{"start":{"line":53,"column":4},"end":{"line":59,"column":5}},{"start":{},"end":{}}],"line":53},"4":{"loc":{"start":{"line":55,"column":6},"end":{"line":58,"column":7}},"type":"if","locations":[{"start":{"line":55,"column":6},"end":{"line":58,"column":7}},{"start":{},"end":{}}],"line":55},"5":{"loc":{"start":{"line":55,"column":10},"end":{"line":55,"column":37}},"type":"binary-expr","locations":[{"start":{"line":55,"column":10},"end":{"line":55,"column":15}},{"start":{"line":55,"column":19},"end":{"line":55,"column":37}}],"line":55},"6":{"loc":{"start":{"line":56,"column":38},"end":{"line":56,"column":62}},"type":"binary-expr","locations":[{"start":{"line":56,"column":38},"end":{"line":56,"column":48}},{"start":{"line":56,"column":52},"end":{"line":56,"column":62}}],"line":56},"7":{"loc":{"start":{"line":84,"column":17},"end":{"line":84,"column":35}},"type":"binary-expr","locations":[{"start":{"line":84,"column":17},"end":{"line":84,"column":29}},{"start":{"line":84,"column":33},"end":{"line":84,"column":35}}],"line":84},"8":{"loc":{"start":{"line":85,"column":4},"end":{"line":97,"column":5}},"type":"if","locations":[{"start":{"line":85,"column":4},"end":{"line":97,"column":5}},{"start":{},"end":{}}],"line":85},"9":{"loc":{"start":{"line":87,"column":6},"end":{"line":93,"column":7}},"type":"if","locations":[{"start":{"line":87,"column":6},"end":{"line":93,"column":7}},{"start":{},"end":{}}],"line":87},"10":{"loc":{"start":{"line":102,"column":4},"end":{"line":102,"column":22}},"type":"if","locations":[{"start":{"line":102,"column":4},"end":{"line":102,"column":22}},{"start":{},"end":{}}],"line":102},"11":{"loc":{"start":{"line":104,"column":4},"end":{"line":107,"column":5}},"type":"if","locations":[{"start":{"line":104,"column":4},"end":{"line":107,"column":5}},{"start":{},"end":{}}],"line":104},"12":{"loc":{"start":{"line":123,"column":12},"end":{"line":125,"column":35}},"type":"cond-expr","locations":[{"start":{"line":124,"column":16},"end":{"line":124,"column":41}},{"start":{"line":125,"column":16},"end":{"line":125,"column":35}}],"line":123},"13":{"loc":{"start":{"line":131,"column":14},"end":{"line":133,"column":41}},"type":"cond-expr","locations":[{"start":{"line":132,"column":18},"end":{"line":132,"column":47}},{"start":{"line":133,"column":18},"end":{"line":133,"column":41}}],"line":131},"14":{"loc":{"start":{"line":142,"column":12},"end":{"line":144,"column":35}},"type":"cond-expr","locations":[{"start":{"line":143,"column":16},"end":{"line":143,"column":41}},{"start":{"line":144,"column":16},"end":{"line":144,"column":35}}],"line":142},"15":{"loc":{"start":{"line":150,"column":14},"end":{"line":152,"column":41}},"type":"cond-expr","locations":[{"start":{"line":151,"column":18},"end":{"line":151,"column":47}},{"start":{"line":152,"column":18},"end":{"line":152,"column":41}}],"line":150},"16":{"loc":{"start":{"line":164,"column":4},"end":{"line":170,"column":5}},"type":"if","locations":[{"start":{"line":164,"column":4},"end":{"line":170,"column":5}},{"start":{},"end":{}}],"line":164},"17":{"loc":{"start":{"line":175,"column":4},"end":{"line":182,"column":5}},"type":"if","locations":[{"start":{"line":175,"column":4},"end":{"line":182,"column":5}},{"start":{},"end":{}}],"line":175},"18":{"loc":{"start":{"line":184,"column":4},"end":{"line":198,"column":5}},"type":"if","locations":[{"start":{"line":184,"column":4},"end":{"line":198,"column":5}},{"start":{},"end":{}}],"line":184},"19":{"loc":{"start":{"line":225,"column":9},"end":{"line":234,"column":9}},"type":"binary-expr","locations":[{"start":{"line":225,"column":9},"end":{"line":225,"column":16}},{"start":{"line":226,"column":10},"end":{"line":233,"column":17}}],"line":225}},"s":{"0":1,"1":1,"2":13,"3":13,"4":13,"5":13,"6":13,"7":13,"8":4,"9":4,"10":0,"11":4,"12":0,"13":0,"14":4,"15":2,"16":3,"17":2,"18":1,"19":1,"20":3,"21":3,"22":3,"23":3,"24":0,"25":3,"26":3,"27":0,"28":0,"29":13,"30":2,"31":2,"32":2,"33":1,"34":1,"35":0,"36":1,"37":1,"38":1,"39":13,"40":3,"41":3,"42":0,"43":3,"44":0,"45":0,"46":3,"47":13,"48":0,"49":13,"50":13,"51":1,"52":2,"53":13,"54":13,"55":0,"56":13,"57":0,"58":13,"59":0,"60":13,"61":2,"62":13,"63":78,"64":0,"65":1},"f":{"0":13,"1":4,"2":3,"3":0,"4":2,"5":0,"6":3,"7":0,"8":13,"9":1,"10":2,"11":13,"12":2,"13":78,"14":0},"b":{"0":[4,0],"1":[0,4],"2":[0,4],"3":[2,2],"4":[1,1],"5":[2,2],"6":[1,0],"7":[2,0],"8":[2,0],"9":[1,1],"10":[0,3],"11":[0,3],"12":[8,5],"13":[8,5],"14":[5,8],"15":[5,8],"16":[0,13],"17":[0,13],"18":[0,13],"19":[13,5]},"_coverageSchema":"1a1c01bbd47fc00a2c39e90264f33305004495a9","hash":"e7f90551ea896a50c2fac64908ef4989277f34d7"}
,"C:\\Users\\mroei\\Documents\\GitHub\\MyWeewooo\\components\\Header.tsx": {"path":"C:\\Users\\mroei\\Documents\\GitHub\\MyWeewooo\\components\\Header.tsx","statementMap":{"0":{"start":{"line":8,"column":26},"end":{"line":8,"column":44}},"1":{"start":{"line":9,"column":17},"end":{"line":9,"column":28}},"2":{"start":{"line":11,"column":2},"end":{"line":39,"column":4}},"3":{"start":{"line":26,"column":10},"end":{"line":26,"column":75}},"4":{"start":{"line":27,"column":10},"end":{"line":27,"column":40}},"5":{"start":{"line":42,"column":15},"end":{"line":100,"column":2}}},"fnMap":{"0":{"name":"Header","decl":{"start":{"line":7,"column":16},"end":{"line":7,"column":22}},"loc":{"start":{"line":7,"column":25},"end":{"line":40,"column":1}},"line":7},"1":{"name":"(anonymous_1)","decl":{"start":{"line":25,"column":17},"end":{"line":25,"column":18}},"loc":{"start":{"line":25,"column":23},"end":{"line":28,"column":9}},"line":25}},"branchMap":{"0":{"loc":{"start":{"line":30,"column":9},"end":{"line":36,"column":9}},"type":"binary-expr","locations":[{"start":{"line":30,"column":9},"end":{"line":30,"column":24}},{"start":{"line":31,"column":10},"end":{"line":35,"column":17}}],"line":30},"1":{"loc":{"start":{"line":33,"column":15},"end":{"line":33,"column":51}},"type":"cond-expr","locations":[{"start":{"line":33,"column":33},"end":{"line":33,"column":37}},{"start":{"line":33,"column":40},"end":{"line":33,"column":51}}],"line":33}},"s":{"0":12,"1":12,"2":12,"3":0,"4":0,"5":1},"f":{"0":12,"1":0},"b":{"0":[12,0],"1":[0,0]},"_coverageSchema":"1a1c01bbd47fc00a2c39e90264f33305004495a9","hash":"1a8622249ccc0694ca7faf64f0c2b9c2fbc88848"}
}
