TN:
SF:app\(tabs)\scan.tsx
FN:30,ScanScreen
FN:42,(anonymous_1)
FN:54,(anonymous_2)
FN:77,(anonymous_3)
FN:83,(anonymous_4)
FN:90,(anonymous_5)
FN:100,(anonymous_6)
FN:113,(anonymous_7)
FN:118,(anonymous_8)
FN:127,(anonymous_9)
FN:146,(anonymous_10)
FN:162,(anonymous_11)
FN:206,(anonymous_12)
FN:270,(anonymous_13)
FN:274,(anonymous_14)
FNF:15
FNH:9
FNDA:10,ScanScreen
FNDA:3,(anonymous_1)
FNDA:1,(anonymous_2)
FNDA:0,(anonymous_3)
FNDA:0,(anonymous_4)
FNDA:0,(anonymous_5)
FNDA:3,(anonymous_6)
FNDA:0,(anonymous_7)
FNDA:10,(anonymous_8)
FNDA:1,(anonymous_9)
FNDA:1,(anonymous_10)
FNDA:10,(anonymous_11)
FNDA:0,(anonymous_12)
FNDA:60,(anonymous_13)
FNDA:0,(anonymous_14)
DA:18,1
DA:28,1
DA:31,10
DA:32,10
DA:33,10
DA:36,10
DA:37,10
DA:42,10
DA:44,3
DA:45,3
DA:47,3
DA:48,0
DA:49,0
DA:53,3
DA:54,1
DA:55,1
DA:56,0
DA:57,0
DA:62,3
DA:63,3
DA:66,3
DA:68,3
DA:71,0
DA:74,3
DA:77,3
DA:78,0
DA:79,0
DA:83,10
DA:84,0
DA:85,0
DA:87,0
DA:89,0
DA:90,0
DA:91,0
DA:92,0
DA:96,0
DA:100,10
DA:101,3
DA:102,3
DA:104,3
DA:105,0
DA:106,0
DA:110,3
DA:113,10
DA:115,0
DA:118,10
DA:119,10
DA:127,1
DA:146,1
DA:162,10
DA:164,10
DA:167,0
DA:175,10
DA:176,0
DA:184,10
DA:186,0
DA:200,10
DA:206,0
DA:242,10
DA:271,60
DA:274,0
DA:286,1
LF:62
LH:39
BRDA:44,0,0,3
BRDA:44,0,1,0
BRDA:45,1,0,0
BRDA:45,1,1,3
BRDA:47,2,0,0
BRDA:47,2,1,3
BRDA:53,3,0,1
BRDA:53,3,1,2
BRDA:55,4,0,0
BRDA:55,4,1,1
BRDA:55,5,0,1
BRDA:55,5,1,1
BRDA:56,6,0,0
BRDA:56,6,1,0
BRDA:84,7,0,0
BRDA:84,7,1,0
BRDA:85,8,0,0
BRDA:85,8,1,0
BRDA:87,9,0,0
BRDA:87,9,1,0
BRDA:102,10,0,0
BRDA:102,10,1,3
BRDA:104,11,0,0
BRDA:104,11,1,3
BRDA:123,12,0,7
BRDA:123,12,1,3
BRDA:131,13,0,7
BRDA:131,13,1,3
BRDA:142,14,0,3
BRDA:142,14,1,7
BRDA:150,15,0,3
BRDA:150,15,1,7
BRDA:164,16,0,0
BRDA:164,16,1,10
BRDA:175,17,0,0
BRDA:175,17,1,10
BRDA:184,18,0,0
BRDA:184,18,1,10
BRDA:225,19,0,10
BRDA:225,19,1,4
BRF:40
BRH:23
end_of_record
TN:
SF:components\Header.tsx
FN:7,Header
FN:25,(anonymous_1)
FNF:2
FNH:1
FNDA:9,Header
FNDA:0,(anonymous_1)
DA:8,9
DA:9,9
DA:11,9
DA:26,0
DA:27,0
DA:42,1
LF:6
LH:4
BRDA:30,0,0,9
BRDA:30,0,1,0
BRDA:33,1,0,0
BRDA:33,1,1,0
BRF:4
BRH:1
end_of_record
