TN:
SF:app\(tabs)\scan.tsx
FN:30,ScanScreen
FN:42,(anonymous_1)
FN:54,(anonymous_2)
FN:77,(anonymous_3)
FN:83,(anonymous_4)
FN:90,(anonymous_5)
FN:100,(anonymous_6)
FN:113,(anonymous_7)
FN:118,(anonymous_8)
FN:127,(anonymous_9)
FN:146,(anonymous_10)
FN:162,(anonymous_11)
FN:206,(anonymous_12)
FN:270,(anonymous_13)
FN:274,(anonymous_14)
FNF:15
FNH:11
FNDA:13,ScanScreen
FNDA:4,(anonymous_1)
FNDA:3,(anonymous_2)
FNDA:0,(anonymous_3)
FNDA:2,(anonymous_4)
FNDA:0,(anonymous_5)
FNDA:3,(anonymous_6)
FNDA:0,(anonymous_7)
FNDA:13,(anonymous_8)
FNDA:1,(anonymous_9)
FNDA:2,(anonymous_10)
FNDA:13,(anonymous_11)
FNDA:2,(anonymous_12)
FNDA:78,(anonymous_13)
FNDA:0,(anonymous_14)
DA:18,1
DA:28,1
DA:31,13
DA:32,13
DA:33,13
DA:36,13
DA:37,13
DA:42,13
DA:44,4
DA:45,4
DA:47,4
DA:48,0
DA:49,0
DA:53,4
DA:54,3
DA:55,2
DA:56,1
DA:57,1
DA:62,3
DA:63,3
DA:66,3
DA:68,3
DA:71,0
DA:74,3
DA:77,3
DA:78,0
DA:79,0
DA:83,13
DA:84,2
DA:85,2
DA:87,2
DA:89,1
DA:90,1
DA:91,1
DA:92,1
DA:96,1
DA:100,13
DA:101,3
DA:102,3
DA:104,3
DA:105,0
DA:106,0
DA:110,3
DA:113,13
DA:115,0
DA:118,13
DA:119,13
DA:127,1
DA:146,2
DA:162,13
DA:164,13
DA:167,0
DA:175,13
DA:176,0
DA:184,13
DA:186,0
DA:200,13
DA:206,2
DA:242,13
DA:271,78
DA:274,0
DA:286,1
LF:62
LH:50
BRDA:44,0,0,4
BRDA:44,0,1,0
BRDA:45,1,0,0
BRDA:45,1,1,4
BRDA:47,2,0,0
BRDA:47,2,1,4
BRDA:53,3,0,2
BRDA:53,3,1,2
BRDA:55,4,0,1
BRDA:55,4,1,1
BRDA:55,5,0,2
BRDA:55,5,1,2
BRDA:56,6,0,1
BRDA:56,6,1,0
BRDA:84,7,0,2
BRDA:84,7,1,0
BRDA:85,8,0,2
BRDA:85,8,1,0
BRDA:87,9,0,1
BRDA:87,9,1,1
BRDA:102,10,0,0
BRDA:102,10,1,3
BRDA:104,11,0,0
BRDA:104,11,1,3
BRDA:123,12,0,8
BRDA:123,12,1,5
BRDA:131,13,0,8
BRDA:131,13,1,5
BRDA:142,14,0,5
BRDA:142,14,1,8
BRDA:150,15,0,5
BRDA:150,15,1,8
BRDA:164,16,0,0
BRDA:164,16,1,13
BRDA:175,17,0,0
BRDA:175,17,1,13
BRDA:184,18,0,0
BRDA:184,18,1,13
BRDA:225,19,0,13
BRDA:225,19,1,5
BRF:40
BRH:29
end_of_record
TN:
SF:components\Header.tsx
FN:7,Header
FN:25,(anonymous_1)
FNF:2
FNH:1
FNDA:12,Header
FNDA:0,(anonymous_1)
DA:8,12
DA:9,12
DA:11,12
DA:26,0
DA:27,0
DA:42,1
LF:6
LH:4
BRDA:30,0,0,12
BRDA:30,0,1,0
BRDA:33,1,0,0
BRDA:33,1,1,0
BRF:4
BRH:1
end_of_record
